<?xml version="1.0" encoding="UTF-8"?>
<testng-results skipped="0" failed="0" total="0" passed="0">
  <reporter-output>
  </reporter-output>
  <suite name="MycharSetUtilsTest" duration-ms="7" started-at="2019-11-29T15:57:58Z" finished-at="2019-11-29T15:57:58Z">
    <groups>
    </groups>
    <test name="Command line test" duration-ms="7" started-at="2019-11-29T15:57:58Z" finished-at="2019-11-29T15:57:58Z">
    </test> <!-- Command line test -->
  </suite> <!-- MycharSetUtilsTest -->
</testng-results>
